<?xml version="1.0" encoding="UTF-8"?>
<!-- Generated by org.testng.reporters.JUnitXMLReporter -->
<testsuite ignored="0" hostname="DESKTOP-TAJKON5" failures="0" tests="13" name="Default test" time="21.747" errors="0" timestamp="2023-05-05T20:58:57 IST">
  <testcase classname="TestNgImplementation.Scenario2" name="Test1_user_wait_for_auto_location_black_pop_up_screen_and_close_it" time="0.009"/>
  <testcase classname="TestNgImplementation.Scenario2" name="Test2_Set_the_user_delivery_location" time="1.117"/>
  <testcase classname="TestNgImplementation.Scenario2" name="Test3_user_is_now_on_deals_page_and_validate_Url_contains_deals" time="3.139"/>
  <testcase classname="TestNgImplementation.Scenario2" name="Test4_Go_to_sides_and_add_any_item_that_is_below_200" time="3.135"/>
  <testcase classname="TestNgImplementation.Scenario2" name="Test5_Validate_that_the_product_is_added_under_Basket_but_checkout_button_price_item_is_still_not_showing" time="0.256"/>
  <testcase classname="TestNgImplementation.Scenario2" name="Test6_Navigate_to_the_Drinkspage_Add_any_two_drinks_so_that_total_cart_pricing_is_more_than_200" time="1.614"/>
  <testcase classname="TestNgImplementation.Scenario2" name="Test7_Click_on_the_Checkout_button" time="0.976"/>
  <testcase classname="TestNgImplementation.Scenario2" name="Test8_validate_that_online_Payment_Selected_ByDefault" time="0.071"/>
  <testcase classname="TestNgImplementation.Scenario2" name="Test9_change_payment_option_to_cash" time="0.206"/>
  <testcase classname="TestNgImplementation.Scenario2" name="Test10_Validate_that_the_I_agree_checkbox_is_checked_by_default" time="0.058"/>
  <testcase classname="TestNgImplementation.Scenario2" name="Test11_Enter_name_Mobile_And_Email" time="1.445"/>
  <testcase classname="TestNgImplementation.Scenario2" name="Test12_Click_on_the_Apply_Gift_Card_link_And_popup_Should_Appear" time="1.237"/>
  <testcase classname="TestNgImplementation.Scenario2" name="Test13_Give_the_Voucher_code_as_12345_and_submit" time="1.728"/>
</testsuite> <!-- Default test -->
